<?xml version="1.0" encoding="UTF-8" ?>
<testsuite errors="0" failures="0" hostname="Dublin" name="grailstest.MainTests" tests="1" time="0.0040" timestamp="2018-07-19T12:07:25">
  <properties />
  <testcase classname="grailstest.MainTests" name="testSomething" time="0.0010" />
  <system-out><![CDATA[--Output from testSomething--
]]></system-out>
  <system-err><![CDATA[--Output from testSomething--
]]></system-err>
</testsuite>
